
--- 2025-09-04T10:46:50.738Z debug
🪵  Writing logs to "/home/runner/workspace/.config/.wrangler/logs/wrangler-2025-09-04_10-46-50_416.log"
---

--- 2025-09-04T10:46:50.738Z debug
Metrics dispatcher: Posting data {"deviceId":"84668d4e-3003-48b8-a80a-57c084cc8e11","event":"wrangler command started","timestamp":1756982810738,"properties":{"amplitude_session_id":1756982810735,"amplitude_event_id":0,"wranglerVersion":"4.33.2","osPlatform":"Linux","osVersion":"#1-NixOS SMP PREEMPT_DYNAMIC Tue Jan  1 00:00:00 UTC 1980","nodeVersion":20,"packageManager":"npm","isFirstUsage":false,"configFileType":"toml","isCI":false,"isPagesCI":false,"isWorkersCI":false,"isInteractive":false,"hasAssets":false,"argsUsed":[],"argsCombination":"","command":"wrangler deploy","args":{"noBundle":false,"latest":false,"keepVars":false,"xAutoCreate":true}}}
---

--- 2025-09-04T10:46:50.757Z debug
.env file not found at "/home/runner/workspace/.env". Continuing... For more details, refer to https://developers.cloudflare.com/workers/wrangler/system-environment-variables/
---

--- 2025-09-04T10:46:50.758Z debug
.env file not found at "/home/runner/workspace/.env.local". Continuing... For more details, refer to https://developers.cloudflare.com/workers/wrangler/system-environment-variables/
---

--- 2025-09-04T10:46:51.614Z log

 ⛅️ wrangler 4.33.2
───────────────────
---

--- 2025-09-04T10:46:51.731Z log

---

--- 2025-09-04T10:46:51.825Z error
✘ [ERROR] In a non-interactive environment, it's necessary to set a CLOUDFLARE_API_TOKEN environment variable for wrangler to work. Please go to https://developers.cloudflare.com/fundamentals/api/get-started/create-token/ for instructions on how to create an api token, and assign its value to CLOUDFLARE_API_TOKEN.


---

--- 2025-09-04T10:46:51.825Z debug
Error: In a non-interactive environment, it's necessary to set a CLOUDFLARE_API_TOKEN environment variable for wrangler to work. Please go to https://developers.cloudflare.com/fundamentals/api/get-started/create-token/ for instructions on how to create an api token, and assign its value to CLOUDFLARE_API_TOKEN.
    at requireAuth (/home/runner/workspace/node_modules/wrangler/wrangler-dist/cli.js:49445:13)
    at process.processTicksAndRejections (node:internal/process/task_queues:95:5)
    at async Object.handler (/home/runner/workspace/node_modules/wrangler/wrangler-dist/cli.js:88340:50)
    at async Object.handler (/home/runner/workspace/node_modules/wrangler/wrangler-dist/cli.js:85189:7)
---

--- 2025-09-04T10:46:51.827Z debug
Metrics dispatcher: Posting data {"deviceId":"84668d4e-3003-48b8-a80a-57c084cc8e11","event":"wrangler command errored","timestamp":1756982811827,"properties":{"amplitude_session_id":1756982810735,"amplitude_event_id":1,"wranglerVersion":"4.33.2","osPlatform":"Linux","osVersion":"#1-NixOS SMP PREEMPT_DYNAMIC Tue Jan  1 00:00:00 UTC 1980","nodeVersion":20,"packageManager":"npm","isFirstUsage":false,"configFileType":"toml","isCI":false,"isPagesCI":false,"isWorkersCI":false,"isInteractive":false,"hasAssets":false,"argsUsed":[],"argsCombination":"","command":"wrangler deploy","args":{"noBundle":false,"latest":false,"keepVars":false,"xAutoCreate":true},"durationMs":1120,"durationSeconds":1.12,"durationMinutes":0.018666666666666668,"errorType":"UserError"}}
---
